<?xml version="1.0" encoding="UTF-8"?>
<testsuite xmlns:xsi="http://www.w3.org/2001/XMLSchema-instance" xsi:noNamespaceSchemaLocation="https://maven.apache.org/surefire/maven-surefire-plugin/xsd/surefire-test-report.xsd" name="org.example.SimpleLanguageTest" time="4.515" tests="2" errors="0" skipped="0" failures="1">
  <properties>
[...]
</properties>
  <testcase name="whenSimpleLanguageUseCachedEntriesItWillFail" classname="org.example.SimpleLanguageTest" time="3.482">
    <failure message="expected: &lt;This is a test a with startLabel: `Document` endLabel: `Document` and label: `ALabel`&gt; but was: &lt;This is a test a with startLabel: `This is a test a with startLabel: `DocumentDocument` endLabel: `` endLabel: `DocumentDocumentnullALabel``&gt;" type="org.opentest4j.AssertionFailedError"><![CDATA[org.opentest4j.AssertionFailedError: expected: <This is a test a with startLabel: `Document` endLabel: `Document` and label: `ALabel`> but was: <This is a test a with startLabel: `This is a test a with startLabel: `DocumentDocument` endLabel: `` endLabel: `DocumentDocumentnullALabel``>
	at org.example.SimpleLanguageTest.lambda$whenSimpleLanguageUseCachedEntriesItWillFail$1(SimpleLanguageTest.java:53)
	at org.example.SimpleLanguageTest.whenSimpleLanguageUseCachedEntriesItWillFail(SimpleLanguageTest.java:53)
]]></failure>
    <system-err><![CDATA[SLF4J: No SLF4J providers were found.
SLF4J: Defaulting to no-operation (NOP) logger implementation
SLF4J: See https://www.slf4j.org/codes.html#noProviders for further details.
]]></system-err>
  </testcase>
  <testcase name="whenSimpleLanguageNotUseCachedEntriesItWillNotFail" classname="org.example.SimpleLanguageTest" time="1.021"/>
</testsuite>